[
     {
          "Id": "b18a6e366a83a3ed8ac90a807f6d5c4f8059a4207e57022f0742e838f2339966",
          "Created": "2023-01-16T03:34:07.153485513-05:00",
          "Path": "container-entrypoint",
          "Args": [
               "/bin/bash"
          ],
          "State": {
               "OciVersion": "1.0.2-dev",
               "Status": "exited",
               "Running": false,
               "Paused": false,
               "Restarting": false,
               "OOMKilled": false,
               "Dead": false,
               "Pid": 0,
               "ExitCode": 137,
               "Error": "",
               "StartedAt": "2023-01-16T03:34:07.348693157-05:00",
               "FinishedAt": "2023-01-16T03:35:59.341976184-05:00",
               "Health": {
                    "Status": "",
                    "FailingStreak": 0,
                    "Log": null
               },
               "CheckpointedAt": "0001-01-01T00:00:00Z",
               "RestoredAt": "0001-01-01T00:00:00Z"
          },
          "Image": "f5d849ae36ab99255e02a06ccfbcce10f310e58a374cebdf063113e2ebfa7910",
          "ImageName": "registry.redhat.io/rhel8/httpd-24:latest",
          "Rootfs": "",
          "Pod": "",
          "ResolvConfPath": "/run/user/1000/containers/overlay-containers/b18a6e366a83a3ed8ac90a807f6d5c4f8059a4207e57022f0742e838f2339966/userdata/resolv.conf",
          "HostnamePath": "/run/user/1000/containers/overlay-containers/b18a6e366a83a3ed8ac90a807f6d5c4f8059a4207e57022f0742e838f2339966/userdata/hostname",
          "HostsPath": "/run/user/1000/containers/overlay-containers/b18a6e366a83a3ed8ac90a807f6d5c4f8059a4207e57022f0742e838f2339966/userdata/hosts",
          "StaticDir": "/home/student/.local/share/containers/storage/overlay-containers/b18a6e366a83a3ed8ac90a807f6d5c4f8059a4207e57022f0742e838f2339966/userdata",
          "OCIConfigPath": "/home/student/.local/share/containers/storage/overlay-containers/b18a6e366a83a3ed8ac90a807f6d5c4f8059a4207e57022f0742e838f2339966/userdata/config.json",
          "OCIRuntime": "runc",
          "ConmonPidFile": "/run/user/1000/containers/overlay-containers/b18a6e366a83a3ed8ac90a807f6d5c4f8059a4207e57022f0742e838f2339966/userdata/conmon.pid",
          "PidFile": "/run/user/1000/containers/overlay-containers/b18a6e366a83a3ed8ac90a807f6d5c4f8059a4207e57022f0742e838f2339966/userdata/pidfile",
          "Name": "my-httpd-container",
          "RestartCount": 0,
          "Driver": "overlay",
          "MountLabel": "system_u:object_r:container_file_t:s0:c28,c358",
          "ProcessLabel": "system_u:system_r:container_t:s0:c28,c358",
          "AppArmorProfile": "",
          "EffectiveCaps": null,
          "BoundingCaps": [
               "CAP_CHOWN",
               "CAP_DAC_OVERRIDE",
               "CAP_FOWNER",
               "CAP_FSETID",
               "CAP_KILL",
               "CAP_NET_BIND_SERVICE",
               "CAP_NET_RAW",
               "CAP_SETFCAP",
               "CAP_SETGID",
               "CAP_SETPCAP",
               "CAP_SETUID",
               "CAP_SYS_CHROOT"
          ],
          "ExecIDs": [],
          "GraphDriver": {
               "Name": "overlay",
               "Data": {
                    "LowerDir": "/home/student/.local/share/containers/storage/overlay/dbcb311365c276dfbe097d3f9bc66a653441ec5c2aa916e08b15f596e06f2949/diff:/home/student/.local/share/containers/storage/overlay/70189c230a130285ec0d1866eabceea27ce6cb5cd35b57b3cdeb1dad5ec8fd7a/diff:/home/student/.local/share/containers/storage/overlay/fd02c305ec5de0d43d9496635c81f068f72b2f51720fdc9c0fbe5d481ecdd80b/diff",
                    "UpperDir": "/home/student/.local/share/containers/storage/overlay/ca7d59ed06011a766c23499ef162d7a3980559b4b9902ffa66d80dcd2e966ea0/diff",
                    "WorkDir": "/home/student/.local/share/containers/storage/overlay/ca7d59ed06011a766c23499ef162d7a3980559b4b9902ffa66d80dcd2e966ea0/work"
               }
          },
          "Mounts": [],
          "Dependencies": [],
          "NetworkSettings": {
               "EndpointID": "",
               "Gateway": "",
               "IPAddress": "",
               "IPPrefixLen": 0,
               "IPv6Gateway": "",
               "GlobalIPv6Address": "",
               "GlobalIPv6PrefixLen": 0,
               "MacAddress": "",
               "Bridge": "",
               "SandboxID": "",
               "HairpinMode": false,
               "LinkLocalIPv6Address": "",
               "LinkLocalIPv6PrefixLen": 0,
               "Ports": {
                    "8080/tcp": null,
                    "8443/tcp": null
               },
               "SandboxKey": ""
          },
          "Namespace": "",
          "IsInfra": false,
          "Config": {
               "Hostname": "b18a6e366a83",
               "Domainname": "",
               "User": "1001",
               "AttachStdin": false,
               "AttachStdout": false,
               "AttachStderr": false,
               "Tty": true,
               "OpenStdin": true,
               "StdinOnce": false,
               "Env": [
                    "HTTPD_MAIN_CONF_D_PATH=/etc/httpd/conf.d",
                    "HTTPD_VERSION=2.4",
                    "PATH=/opt/app-root/src/bin:/opt/app-root/bin:/usr/local/sbin:/usr/local/bin:/usr/sbin:/usr/bin:/sbin:/bin",
                    "HOME=/opt/app-root/src",
                    "SUMMARY=Platform for running Apache httpd 2.4 or building httpd-based application",
                    "HTTPD_MAIN_CONF_PATH=/etc/httpd/conf",
                    "HTTPD_DATA_ORIG_PATH=/var/www",
                    "HTTPD_DATA_PATH=/var/www",
                    "HTTPD_APP_ROOT=/opt/app-root",
                    "PLATFORM=el8",
                    "HTTPD_CONFIGURATION_PATH=/opt/app-root/etc/httpd.d",
                    "APP_ROOT=/opt/app-root",
                    "container=oci",
                    "HTTPD_LOG_PATH=/var/log/httpd",
                    "HTTPD_VAR_RUN=/var/run/httpd",
                    "HTTPD_TLS_CERT_PATH=/etc/httpd/tls",
                    "DESCRIPTION=Apache httpd 2.4 available as container, is a powerful, efficient, and extensible web server. Apache supports a variety of features, many implemented as compiled modules which extend the core functionality. These can range from server-side programming language support to authentication schemes. Virtual hosting allows one Apache installation to serve many different Web sites.",
                    "TERM=xterm",
                    "HTTPD_MAIN_CONF_MODULES_D_PATH=/etc/httpd/conf.modules.d",
                    "STI_SCRIPTS_PATH=/usr/libexec/s2i",
                    "STI_SCRIPTS_URL=image:///usr/libexec/s2i",
                    "HTTPD_CONTAINER_SCRIPTS_PATH=/usr/share/container-scripts/httpd/",
                    "HOSTNAME=b18a6e366a83"
               ],
               "Cmd": [
                    "/bin/bash"
               ],
               "Image": "registry.redhat.io/rhel8/httpd-24:latest",
               "Volumes": null,
               "WorkingDir": "/opt/app-root/src",
               "Entrypoint": "container-entrypoint",
               "OnBuild": null,
               "Labels": {
                    "architecture": "x86_64",
                    "build-date": "2023-01-06T17:13:26",
                    "com.redhat.component": "httpd-24-container",
                    "com.redhat.license_terms": "https://www.redhat.com/en/about/red-hat-end-user-license-agreements#UBI",
                    "description": "Apache httpd 2.4 available as container, is a powerful, efficient, and extensible web server. Apache supports a variety of features, many implemented as compiled modules which extend the core functionality. These can range from server-side programming language support to authentication schemes. Virtual hosting allows one Apache installation to serve many different Web sites.",
                    "distribution-scope": "public",
                    "io.buildah.version": "1.27.1",
                    "io.k8s.description": "Apache httpd 2.4 available as container, is a powerful, efficient, and extensible web server. Apache supports a variety of features, many implemented as compiled modules which extend the core functionality. These can range from server-side programming language support to authentication schemes. Virtual hosting allows one Apache installation to serve many different Web sites.",
                    "io.k8s.display-name": "Apache httpd 2.4",
                    "io.openshift.expose-services": "8080:http,8443:https",
                    "io.openshift.s2i.scripts-url": "image:///usr/libexec/s2i",
                    "io.openshift.tags": "builder,httpd,httpd-24",
                    "io.s2i.scripts-url": "image:///usr/libexec/s2i",
                    "maintainer": "SoftwareCollections.org <sclorg@redhat.com>",
                    "name": "rhel8/httpd-24",
                    "release": "240",
                    "summary": "Platform for running Apache httpd 2.4 or building httpd-based application",
                    "url": "https://access.redhat.com/containers/#/registry.access.redhat.com/rhel8/httpd-24/images/1-240",
                    "usage": "s2i build https://github.com/sclorg/httpd-container.git --context-dir=examples/sample-test-app/ rhel8/httpd-24 sample-server",
                    "vcs-ref": "2dfd7c849d241b38c018ea00cb202de4cb8d15be",
                    "vcs-type": "git",
                    "vendor": "Red Hat, Inc.",
                    "version": "1"
               },
               "Annotations": {
                    "io.container.manager": "libpod",
                    "io.kubernetes.cri-o.Created": "2023-01-16T03:34:07.153485513-05:00",
                    "io.kubernetes.cri-o.TTY": "true",
                    "io.podman.annotations.autoremove": "FALSE",
                    "io.podman.annotations.init": "FALSE",
                    "io.podman.annotations.privileged": "FALSE",
                    "io.podman.annotations.publish-all": "FALSE",
                    "org.opencontainers.image.stopSignal": "15"
               },
               "StopSignal": 15,
               "CreateCommand": [
                    "podman",
                    "run",
                    "-it",
                    "--name",
                    "my-httpd-container",
                    "registry.redhat.io/rhel8/httpd-24",
                    "/bin/bash"
               ],
               "Umask": "0022",
               "Timeout": 0,
               "StopTimeout": 10,
               "Passwd": true
          },
          "HostConfig": {
               "Binds": [],
               "CgroupManager": "cgroupfs",
               "CgroupMode": "host",
               "ContainerIDFile": "",
               "LogConfig": {
                    "Type": "k8s-file",
                    "Config": null,
                    "Path": "/home/student/.local/share/containers/storage/overlay-containers/b18a6e366a83a3ed8ac90a807f6d5c4f8059a4207e57022f0742e838f2339966/userdata/ctr.log",
                    "Tag": "",
                    "Size": "0B"
               },
               "NetworkMode": "slirp4netns",
               "PortBindings": {
                    "8080/tcp": null,
                    "8443/tcp": null
               },
               "RestartPolicy": {
                    "Name": "",
                    "MaximumRetryCount": 0
               },
               "AutoRemove": false,
               "VolumeDriver": "",
               "VolumesFrom": null,
               "CapAdd": [],
               "CapDrop": [
                    "CAP_AUDIT_WRITE",
                    "CAP_MKNOD"
               ],
               "Dns": [],
               "DnsOptions": [],
               "DnsSearch": [],
               "ExtraHosts": [],
               "GroupAdd": [],
               "IpcMode": "private",
               "Cgroup": "",
               "Cgroups": "default",
               "Links": null,
               "OomScoreAdj": 0,
               "PidMode": "private",
               "Privileged": false,
               "PublishAllPorts": false,
               "ReadonlyRootfs": false,
               "SecurityOpt": [],
               "Tmpfs": {},
               "UTSMode": "private",
               "UsernsMode": "",
               "ShmSize": 65536000,
               "Runtime": "oci",
               "ConsoleSize": [
                    0,
                    0
               ],
               "Isolation": "",
               "CpuShares": 0,
               "Memory": 0,
               "NanoCpus": 0,
               "CgroupParent": "",
               "BlkioWeight": 0,
               "BlkioWeightDevice": null,
               "BlkioDeviceReadBps": null,
               "BlkioDeviceWriteBps": null,
               "BlkioDeviceReadIOps": null,
               "BlkioDeviceWriteIOps": null,
               "CpuPeriod": 0,
               "CpuQuota": 0,
               "CpuRealtimePeriod": 0,
               "CpuRealtimeRuntime": 0,
               "CpusetCpus": "",
               "CpusetMems": "",
               "Devices": [],
               "DiskQuota": 0,
               "KernelMemory": 0,
               "MemoryReservation": 0,
               "MemorySwap": 0,
               "MemorySwappiness": 0,
               "OomKillDisable": false,
               "PidsLimit": 0,
               "Ulimits": [],
               "CpuCount": 0,
               "CpuPercent": 0,
               "IOMaximumIOps": 0,
               "IOMaximumBandwidth": 0,
               "CgroupConf": null
          }
     }
]
